        -:    0:Source:codeCoverageTest.c
        -:    0:Graph:codeCoverageTest.gcno
        -:    0:Data:codeCoverageTest.gcda
        -:    0:Runs:1
        -:    0:Programs:1
        -:    1:#include <stdio.h>
        -:    2:#include "codeCoverageTest.h"
        -:    3:
function fn1 called 1 returned 100% blocks executed 100%
        1:    4:int fn1()
        1:    4-block  0
        -:    5:{
        1:    6:	int a =5;
        1:    7:	a++;
        1:    8:	return (a);
        1:    8-block  0
unconditional  0 taken 1
        -:    9:}
        -:   10:
function fn2 called 1 returned 100% blocks executed 60%
        1:   11:int fn2(int b)
        1:   11-block  0
        -:   12:{
        1:   13:	if (b>10)
        1:   13-block  0
branch  0 taken 0 (fallthrough)
branch  1 taken 1
        -:   14:	{
    #####:   15:		fn1();
    $$$$$:   15-block  0
call    0 never executed
    #####:   16:		return(b);
unconditional  0 never executed
        -:   17:	}
        -:   18:	else
        1:   19:		return(0);
        1:   19-block  0
unconditional  0 taken 1
        -:   20:}
